15:40:20.516 [main] INFO  testCases.TC_001_AccountRegistrationTest - clicked on MyAccount link
15:40:20.970 [main] INFO  testCases.TC_001_AccountRegistrationTest - clicked on registration link
15:40:20.971 [main] INFO  testCases.TC_001_AccountRegistrationTest - Entering customer details
15:40:22.453 [main] INFO  testCases.TC_001_AccountRegistrationTest - Clicked on continue..
15:40:22.514 [main] INFO  testCases.TC_001_AccountRegistrationTest - Validating expected message..
15:40:22.514 [main] INFO  testCases.TC_001_AccountRegistrationTest - test passed..
15:40:22.519 [main] INFO  testCases.TC_001_AccountRegistrationTest - ****  Finished TC_001_AccountRegistrationTest  ****
15:40:26.878 [main] INFO  testCases.TC_002_LoginTest - *** Starting TC_002_LoginTest ***
15:40:27.026 [main] INFO  testCases.TC_002_LoginTest - clicked on my account link on the home page..
15:40:27.423 [main] INFO  testCases.TC_002_LoginTest - clicked on login link under myaccount
15:40:28.120 [main] INFO  testCases.TC_002_LoginTest - clicked on login button
15:40:28.463 [main] INFO  testCases.TC_002_LoginTest - *** Finished TC_002_LoginTest ***
15:42:51.677 [main] INFO  org.testng.internal.Utils - [TestNG] Running:
  /Users/nani/IdeaProjects/opencart_Ecommerce/grouping.xml

15:42:56.502 [main] INFO  testCases.TC_001_AccountRegistrationTest - ****   Starting TC_001_AccountRegistrationTest   **** 
15:42:56.659 [main] INFO  testCases.TC_001_AccountRegistrationTest - clicked on MyAccount link
15:42:57.199 [main] INFO  testCases.TC_001_AccountRegistrationTest - clicked on registration link
15:42:57.200 [main] INFO  testCases.TC_001_AccountRegistrationTest - Entering customer details
15:42:58.814 [main] INFO  testCases.TC_001_AccountRegistrationTest - Clicked on continue..
15:42:58.869 [main] INFO  testCases.TC_001_AccountRegistrationTest - Validating expected message..
15:42:58.870 [main] INFO  testCases.TC_001_AccountRegistrationTest - test passed..
15:42:58.874 [main] INFO  testCases.TC_001_AccountRegistrationTest - ****  Finished TC_001_AccountRegistrationTest  ****
15:43:03.046 [main] INFO  testCases.TC_002_LoginTest - *** Starting TC_002_LoginTest ***
15:43:03.211 [main] INFO  testCases.TC_002_LoginTest - clicked on my account link on the home page..
15:43:03.594 [main] INFO  testCases.TC_002_LoginTest - clicked on login link under myaccount
15:43:04.414 [main] INFO  testCases.TC_002_LoginTest - clicked on login button
15:43:04.824 [main] INFO  testCases.TC_002_LoginTest - *** Finished TC_002_LoginTest ***
15:48:17.795 [main] INFO  org.testng.internal.Utils - [TestNG] Running:
  /Users/nani/IdeaProjects/opencart_Ecommerce/grouping.xml

15:48:23.313 [main] INFO  testCases.TC_001_AccountRegistrationTest - ****   Starting TC_001_AccountRegistrationTest   **** 
15:48:23.566 [main] INFO  testCases.TC_001_AccountRegistrationTest - clicked on MyAccount link
15:48:23.971 [main] INFO  testCases.TC_001_AccountRegistrationTest - clicked on registration link
15:48:23.971 [main] INFO  testCases.TC_001_AccountRegistrationTest - Entering customer details
15:48:25.357 [main] INFO  testCases.TC_001_AccountRegistrationTest - Clicked on continue..
15:48:25.415 [main] INFO  testCases.TC_001_AccountRegistrationTest - Validating expected message..
15:48:25.415 [main] INFO  testCases.TC_001_AccountRegistrationTest - test passed..
15:48:25.419 [main] INFO  testCases.TC_001_AccountRegistrationTest - ****  Finished TC_001_AccountRegistrationTest  ****
15:48:29.619 [main] INFO  testCases.TC_002_LoginTest - *** Starting TC_002_LoginTest ***
15:48:29.766 [main] INFO  testCases.TC_002_LoginTest - clicked on my account link on the home page..
15:48:30.144 [main] INFO  testCases.TC_002_LoginTest - clicked on login link under myaccount
15:48:30.788 [main] INFO  testCases.TC_002_LoginTest - clicked on login button
16:09:32.960 [main] INFO  org.testng.internal.Utils - [TestNG] Running:
  /Users/nani/IdeaProjects/opencart_Ecommerce/grouping.xml

16:09:40.267 [main] INFO  testCases.TC_001_AccountRegistrationTest - ****   Starting TC_001_AccountRegistrationTest   **** 
16:09:40.511 [main] INFO  testCases.TC_001_AccountRegistrationTest - clicked on MyAccount link
16:09:40.981 [main] INFO  testCases.TC_001_AccountRegistrationTest - clicked on registration link
16:09:40.981 [main] INFO  testCases.TC_001_AccountRegistrationTest - Entering customer details
16:09:42.457 [main] INFO  testCases.TC_001_AccountRegistrationTest - Clicked on continue..
16:09:42.515 [main] INFO  testCases.TC_001_AccountRegistrationTest - Validating expected message..
16:09:42.515 [main] INFO  testCases.TC_001_AccountRegistrationTest - test passed..
16:09:42.519 [main] INFO  testCases.TC_001_AccountRegistrationTest - ****  Finished TC_001_AccountRegistrationTest  ****
16:09:46.696 [main] INFO  testCases.TC_002_LoginTest - *** Starting TC_002_LoginTest ***
16:09:46.853 [main] INFO  testCases.TC_002_LoginTest - clicked on my account link on the home page..
16:09:47.152 [main] INFO  testCases.TC_002_LoginTest - clicked on login link under myaccount
