15:46:04.562 [main] INFO  testCases.TC_001_AccountRegistrationTest - test passed..
15:46:04.573 [main] INFO  testCases.TC_001_AccountRegistrationTest - ****  Finished TC_001_AccountRegistrationTest  ****
15:46:08.918 [main] INFO  testCases.TC_002_LoginTest - *** Starting TC_002_LoginTest ***
15:46:09.108 [main] INFO  testCases.TC_002_LoginTest - clicked on my account link on the home page..
15:46:09.391 [main] INFO  testCases.TC_002_LoginTest - clicked on login link under myaccount
15:46:10.072 [main] INFO  testCases.TC_002_LoginTest - clicked on login button
15:46:20.153 [main] ERROR testCases.TC_002_LoginTest - Login test failed
16:15:13.759 [main] INFO  org.testng.internal.Utils - [TestNG] Running:
  /Users/nani/IdeaProjects/opencart_Ecommerce/master.xml

16:15:18.565 [main] INFO  testCases.TC_001_AccountRegistrationTest - ****   Starting TC_001_AccountRegistrationTest   **** 
16:15:18.753 [main] INFO  testCases.TC_001_AccountRegistrationTest - clicked on MyAccount link
16:15:19.184 [main] INFO  testCases.TC_001_AccountRegistrationTest - clicked on registration link
16:15:19.185 [main] INFO  testCases.TC_001_AccountRegistrationTest - Entering customer details
16:15:20.579 [main] INFO  testCases.TC_001_AccountRegistrationTest - Clicked on continue..
16:15:20.624 [main] INFO  testCases.TC_001_AccountRegistrationTest - Validating expected message..
16:15:20.625 [main] INFO  testCases.TC_001_AccountRegistrationTest - test passed..
16:15:20.627 [main] INFO  testCases.TC_001_AccountRegistrationTest - ****  Finished TC_001_AccountRegistrationTest  ****
16:15:25.612 [main] INFO  testCases.TC_002_LoginTest - *** Starting TC_002_LoginTest ***
16:15:25.833 [main] INFO  testCases.TC_002_LoginTest - clicked on my account link on the home page..
16:15:26.391 [main] INFO  testCases.TC_002_LoginTest - clicked on login link under myaccount
16:15:27.287 [main] INFO  testCases.TC_002_LoginTest - clicked on login button
16:15:37.330 [main] ERROR testCases.TC_002_LoginTest - Login test failed
16:15:37.330 [main] INFO  testCases.TC_002_LoginTest - *** Finished TC_002_LoginTest ***
16:30:28.999 [main] INFO  org.testng.internal.Utils - [TestNG] Running:
  /Users/nani/IdeaProjects/opencart_Ecommerce/master.xml

16:30:34.380 [main] INFO  testCases.TC_002_LoginTest - *** Starting TC_002_LoginTest ***
16:30:34.546 [main] INFO  testCases.TC_002_LoginTest - clicked on my account link on the home page..
16:30:34.915 [main] INFO  testCases.TC_002_LoginTest - clicked on login link under myaccount
16:30:35.674 [main] INFO  testCases.TC_002_LoginTest - clicked on login button
16:30:45.726 [main] ERROR testCases.TC_002_LoginTest - Login test failed
16:30:45.726 [main] INFO  testCases.TC_002_LoginTest - *** Finished TC_002_LoginTest ***
17:19:56.298 [main] INFO  org.testng.internal.Utils - [TestNG] Running:
  /Users/nani/IdeaProjects/opencart_Ecommerce/master.xml

17:20:01.230 [main] INFO  testCases.TC_002_LoginTest - *** Starting TC_002_LoginTest ***
17:20:01.372 [main] INFO  testCases.TC_002_LoginTest - clicked on my account link on the home page..
17:20:01.745 [main] INFO  testCases.TC_002_LoginTest - clicked on login link under myaccount
17:20:02.503 [main] INFO  testCases.TC_002_LoginTest - clicked on login button
16:23:44.391 [main] INFO  org.testng.internal.Utils - [TestNG] Running:
  /Users/nani/IdeaProjects/opencart_Ecommerce/master.xml

16:26:19.154 [main] INFO  org.testng.internal.Utils - [TestNG] Running:
  /Users/nani/IdeaProjects/opencart_Ecommerce/master.xml

16:45:13.414 [main] INFO  org.testng.internal.Utils - [TestNG] Running:
  /Users/nani/IdeaProjects/opencart_Ecommerce/master.xml

17:36:51.363 [main] INFO  org.testng.internal.Utils - [TestNG] Running:
  /Users/nani/IdeaProjects/opencart_Ecommerce/master.xml

15:31:37.172 [main] INFO  org.testng.internal.Utils - [TestNG] Running:
  /Users/nani/IdeaProjects/opencart_Ecommerce/master.xml

15:40:58.771 [main] INFO  org.testng.internal.Utils - [TestNG] Running:
  /Users/nani/IdeaProjects/opencart_Ecommerce/master.xml

15:45:47.007 [main] INFO  org.testng.internal.Utils - [TestNG] Running:
  /Users/nani/IdeaProjects/opencart_Ecommerce/master.xml

15:53:19.565 [main] INFO  org.testng.internal.Utils - [TestNG] Running:
  /Users/nani/IdeaProjects/opencart_Ecommerce/master.xml

15:58:45.052 [main] INFO  org.testng.internal.Utils - [TestNG] Running:
  /Users/nani/IdeaProjects/opencart_Ecommerce/master.xml

16:04:30.930 [main] INFO  org.testng.internal.Utils - [TestNG] Running:
  /Users/nani/IdeaProjects/opencart_Ecommerce/master.xml

16:04:37.330 [main] INFO  testCases.TC_003_LoginDDT - *** Starting TC_003_LoginDDT ***
16:04:48.774 [main] INFO  testCases.TC_003_LoginDDT - *** Starting TC_003_LoginDDT ***
16:04:59.756 [main] INFO  testCases.TC_003_LoginDDT - *** Finished TC_003_LoginDDT *** 
16:04:59.758 [main] INFO  testCases.TC_003_LoginDDT - *** Starting TC_003_LoginDDT ***
16:05:10.643 [main] INFO  testCases.TC_003_LoginDDT - *** Finished TC_003_LoginDDT *** 
16:05:10.645 [main] INFO  testCases.TC_003_LoginDDT - *** Starting TC_003_LoginDDT ***
